2022-11-17 10:05:00,844 - pyswarms.single.global_best - INFO - Optimize for 10 iters with {'c1': 0.5, 'c2': 0.3, 'w': 0.3}
2022-11-17 10:05:08,503 - pyswarms.single.global_best - INFO - Optimization finished | best cost: 150.1728381367425, best pos: [ 1.01641386  8.9104447   3.54190356 18.31465815 11.29317911]
2022-11-17 10:05:16,402 - pyswarms.single.global_best - INFO - Optimize for 10 iters with {'c1': 0.5, 'c2': 0.3, 'w': 0.3}
2022-11-17 10:05:30,799 - pyswarms.single.global_best - INFO - Optimization finished | best cost: 150.82156961322784, best pos: [  0.31916116   2.81584984   3.8613926  -13.28980981   8.81278164]
2022-11-17 10:23:42,762 - matplotlib.font_manager - INFO - generated new fontManager
2022-11-17 10:23:47,122 - pyswarms.single.global_best - INFO - Optimize for 10 iters with {'c1': 0.5, 'c2': 0.3, 'w': 0.3}
2022-11-17 10:24:49,921 - pyswarms.single.global_best - INFO - Optimize for 10 iters with {'c1': 0.5, 'c2': 0.3, 'w': 0.3}
2022-11-17 10:24:57,209 - pyswarms.single.global_best - INFO - Optimization finished | best cost: 147.7383666253893, best pos: [ 0.96420534 11.82955873  7.30249411  5.5136892   5.78034455]
2022-11-17 10:25:44,011 - pyswarms.single.global_best - INFO - Optimize for 10 iters with {'c1': 0.5, 'c2': 0.3, 'w': 0.3}
2022-11-17 10:25:51,286 - pyswarms.single.global_best - INFO - Optimization finished | best cost: 146.88875638258872, best pos: [0.92276685 2.88319043 6.74745955 1.80597332 0.12094105]
2022-11-17 10:27:23,838 - pyswarms.single.global_best - INFO - Optimize for 10 iters with {'c1': 0.5, 'c2': 0.3, 'w': 0.3}
2022-11-17 10:27:31,110 - pyswarms.single.global_best - INFO - Optimization finished | best cost: 149.44430414067742, best pos: [ 0.97379496 18.57953666  4.19366268 -0.71229362  3.45011094]
2022-11-17 10:28:03,592 - pyswarms.single.global_best - INFO - Optimize for 10 iters with {'c1': 0.5, 'c2': 0.3, 'w': 0.3}
2022-11-17 10:28:10,896 - pyswarms.single.global_best - INFO - Optimization finished | best cost: 153.74301784549797, best pos: [  0.94635223  -0.41725799   0.22960419  -1.5859784  -13.44874588]
2022-11-17 10:28:28,369 - pyswarms.single.global_best - INFO - Optimize for 10 iters with {'c1': 0.5, 'c2': 0.3, 'w': 0.3}
2022-11-17 10:28:35,694 - pyswarms.single.global_best - INFO - Optimization finished | best cost: 166.0614059857361, best pos: [  0.4308121    5.7765167  -17.62867849   4.87230236  -7.46960212]
2022-11-17 10:29:00,086 - pyswarms.single.global_best - INFO - Optimize for 10 iters with {'c1': 0.5, 'c2': 0.3, 'w': 0.3}
2022-11-17 10:29:07,512 - pyswarms.single.global_best - INFO - Optimization finished | best cost: 159.4448248962496, best pos: [  1.00328089   6.9647048   -4.27256403 -16.92698473  10.36660014]
2022-11-17 10:30:55,209 - pyswarms.single.global_best - INFO - Optimize for 10 iters with {'c1': 0.5, 'c2': 0.3, 'w': 0.3}
2022-11-17 10:31:02,441 - pyswarms.single.global_best - INFO - Optimization finished | best cost: 153.95151825236638, best pos: [  1.0846869    5.72327945  -7.68566249 -17.65942769 -10.96709051]
2022-11-17 10:31:37,528 - pyswarms.single.global_best - INFO - Optimize for 10 iters with {'c1': 0.5, 'c2': 0.3, 'w': 0.3}
2022-11-17 10:31:45,001 - pyswarms.single.global_best - INFO - Optimization finished | best cost: 153.00902012870674, best pos: [  0.32470011  18.38605417   2.64717661 -14.26529032 -16.9361232 ]
2022-11-17 10:33:05,586 - pyswarms.single.global_best - INFO - Optimize for 1 iters with {'c1': 0.5, 'c2': 0.3, 'w': 0.3}
2022-11-17 10:33:06,337 - pyswarms.single.global_best - INFO - Optimization finished | best cost: 164.41209815121863, best pos: [  1.0608838   -1.81917168  13.18504017 -17.91264064  -8.93597233]
2022-11-17 10:34:13,956 - pyswarms.single.global_best - INFO - Optimize for 1 iters with {'c1': 0.5, 'c2': 0.3, 'w': 0.3}
2022-11-17 10:34:14,707 - pyswarms.single.global_best - INFO - Optimization finished | best cost: 169.55433833341482, best pos: [  0.43958188 -10.93424922  13.60238735   7.94474858  15.35904731]
2022-11-17 10:34:34,726 - pyswarms.single.global_best - INFO - Optimize for 1 iters with {'c1': 0.5, 'c2': 0.3, 'w': 0.3}
2022-11-17 10:34:35,479 - pyswarms.single.global_best - INFO - Optimization finished | best cost: 174.55370293360252, best pos: [ 1.27341426  8.52726189 -9.24017354 -0.12276512 -0.32117952]
2022-11-17 10:34:51,916 - pyswarms.single.global_best - INFO - Optimize for 1 iters with {'c1': 0.5, 'c2': 0.3, 'w': 0.3}
2022-11-17 10:34:52,663 - pyswarms.single.global_best - INFO - Optimization finished | best cost: 170.02558308742746, best pos: [  0.3913439   -0.4249908    8.46282354 -12.28684283  -6.7154939 ]
2022-11-17 10:35:20,067 - pyswarms.single.global_best - INFO - Optimize for 1 iters with {'c1': 0.5, 'c2': 0.3, 'w': 0.3}
2022-11-17 10:35:20,814 - pyswarms.single.global_best - INFO - Optimization finished | best cost: 167.66872351264317, best pos: [  0.23829389   8.70417698  16.08591959  13.14950618 -17.03112885]
2022-11-17 10:36:11,280 - pyswarms.single.global_best - INFO - Optimize for 1 iters with {'c1': 0.5, 'c2': 0.3, 'w': 0.3}
2022-11-17 10:36:12,024 - pyswarms.single.global_best - INFO - Optimization finished | best cost: 158.33975579363837, best pos: [  1.14699727  18.88710055  14.03034007 -19.87051088  -3.48271189]
2022-11-17 10:37:12,492 - pyswarms.single.global_best - INFO - Optimize for 1 iters with {'c1': 0.5, 'c2': 0.3, 'w': 0.3}
2022-11-17 10:37:13,225 - pyswarms.single.global_best - INFO - Optimization finished | best cost: 159.06816043806873, best pos: [  1.14939615  -7.60542187 -15.5490589   18.59386088 -17.03611326]
2022-11-17 10:39:15,897 - pyswarms.single.global_best - INFO - Optimize for 1 iters with {'c1': 0.5, 'c2': 0.3, 'w': 0.3}
2022-11-17 10:39:16,682 - pyswarms.single.global_best - INFO - Optimization finished | best cost: 166.50194955098738, best pos: [  1.19953153 -19.68828747  -9.55730479 -11.62016644  17.19348482]
2022-11-17 10:41:53,047 - pyswarms.single.global_best - INFO - Optimize for 1 iters with {'c1': 0.5, 'c2': 0.3, 'w': 0.3}
2022-11-17 10:41:53,809 - pyswarms.single.global_best - INFO - Optimization finished | best cost: 172.72147424185374, best pos: [  0.97445509   9.98871025   1.5565216   16.92230889 -10.19355631]
2022-11-17 10:42:22,860 - pyswarms.single.global_best - INFO - Optimize for 1 iters with {'c1': 0.5, 'c2': 0.3, 'w': 0.3}
2022-11-17 10:42:23,591 - pyswarms.single.global_best - INFO - Optimization finished | best cost: 148.45963213605052, best pos: [ 0.93635582 -9.47263348 -8.20455639 -2.85577671 19.24823702]
2022-11-17 10:43:18,939 - pyswarms.single.global_best - INFO - Optimize for 1 iters with {'c1': 0.5, 'c2': 0.3, 'w': 0.3}
2022-11-17 10:43:19,660 - pyswarms.single.global_best - INFO - Optimization finished | best cost: 201.23828813247528, best pos: [  0.62335348  12.30484506  -0.85161748   9.71685094 -14.27785461]
2022-11-17 10:44:43,202 - pyswarms.single.global_best - INFO - Optimize for 1 iters with {'c1': 0.5, 'c2': 0.3, 'w': 0.3}
2022-11-17 10:44:43,987 - pyswarms.single.global_best - INFO - Optimization finished | best cost: 161.36981901548643, best pos: [ 1.05704823 10.46334671 16.95683796 -0.88324201  2.81651843]
2022-11-17 10:44:57,952 - pyswarms.single.global_best - INFO - Optimize for 1 iters with {'c1': 0.5, 'c2': 0.3, 'w': 0.3}
2022-11-17 10:44:58,725 - pyswarms.single.global_best - INFO - Optimization finished | best cost: 154.54809071468645, best pos: [  1.02925806  11.02378517 -19.05958595  -3.43890024   6.31804297]
2022-11-17 10:46:06,493 - pyswarms.single.global_best - INFO - Optimize for 1 iters with {'c1': 0.5, 'c2': 0.3, 'w': 0.3}
2022-11-17 10:46:07,217 - pyswarms.single.global_best - INFO - Optimization finished | best cost: 156.6188382017678, best pos: [  1.          -7.55450275 -19.70701441   5.00231045   1.28688881]
2022-11-17 11:36:45,683 - pyswarms.single.global_best - INFO - Optimize for 1 iters with {'c1': 0.5, 'c2': 0.3, 'w': 0.3}
2022-11-17 11:36:46,380 - pyswarms.single.global_best - INFO - Optimization finished | best cost: 251.53538953779446, best pos: [  1.1         -3.34622268 -12.16282366  15.31715979  -1.9836039 ]
2022-11-17 11:37:44,653 - pyswarms.single.global_best - INFO - Optimize for 1 iters with {'c1': 0.5, 'c2': 0.3, 'w': 0.3}
2022-11-17 11:37:45,366 - pyswarms.single.global_best - INFO - Optimization finished | best cost: 250.91279097026427, best pos: [  1.1          1.72777797 -13.09673774  19.28364031  -5.09597063]
2022-11-17 11:39:43,901 - pyswarms.single.global_best - INFO - Optimize for 1 iters with {'c1': 0.5, 'c2': 0.3, 'w': 0.3}
2022-11-17 11:39:44,640 - pyswarms.single.global_best - INFO - Optimization finished | best cost: 252.9596474878465, best pos: [  1.1        -16.44732602  12.10470598  -5.63105486  16.43161821]
2022-11-17 11:39:58,136 - pyswarms.single.global_best - INFO - Optimize for 1 iters with {'c1': 0.5, 'c2': 0.3, 'w': 0.3}
2022-11-17 11:41:16,853 - pyswarms.single.global_best - INFO - Optimize for 1 iters with {'c1': 0.5, 'c2': 0.3, 'w': 0.3}
2022-11-17 11:41:29,301 - pyswarms.single.global_best - INFO - Optimize for 1 iters with {'c1': 0.5, 'c2': 0.3, 'w': 0.3}
2022-11-17 11:41:30,047 - pyswarms.single.global_best - INFO - Optimization finished | best cost: 251.72717012844902, best pos: [  1.1        -15.96694291   5.52295063 -15.37144866  -0.26506342]
2022-11-17 11:42:02,569 - pyswarms.single.global_best - INFO - Optimize for 1 iters with {'c1': 0.5, 'c2': 0.3, 'w': 0.3}
2022-11-17 11:42:03,340 - pyswarms.single.global_best - INFO - Optimization finished | best cost: 255.41271668386628, best pos: [1. 0. 0. 0. 0.]
2022-11-17 11:42:35,277 - pyswarms.single.global_best - INFO - Optimize for 1 iters with {'c1': 0.5, 'c2': 0.3, 'w': 0.3}
2022-11-17 11:42:36,039 - pyswarms.single.global_best - INFO - Optimization finished | best cost: 255.41271668386628, best pos: [1. 0. 0. 0. 0.]
2022-11-17 11:43:11,582 - pyswarms.single.global_best - INFO - Optimize for 1 iters with {'c1': 0.5, 'c2': 0.3, 'w': 0.3}
2022-11-17 11:43:12,293 - pyswarms.single.global_best - INFO - Optimization finished | best cost: 255.41271668386628, best pos: [1. 0. 0. 0. 0.]
2022-11-17 11:44:59,095 - pyswarms.single.global_best - INFO - Optimize for 1 iters with {'c1': 0.5, 'c2': 0.3, 'w': 0.3}
2022-11-17 11:44:59,795 - pyswarms.single.global_best - INFO - Optimization finished | best cost: 278.1279014138928, best pos: [1. 0. 0. 0. 0.]
2022-11-17 11:45:33,221 - pyswarms.single.global_best - INFO - Optimize for 1 iters with {'c1': 0.5, 'c2': 0.3, 'w': 0.3}
2022-11-17 11:45:33,970 - pyswarms.single.global_best - INFO - Optimization finished | best cost: 278.1279014138928, best pos: [1. 0. 0. 0. 0.]
2022-11-17 11:46:18,685 - pyswarms.single.global_best - INFO - Optimize for 1 iters with {'c1': 0.5, 'c2': 0.3, 'w': 0.3}
2022-11-17 11:46:19,453 - pyswarms.single.global_best - INFO - Optimization finished | best cost: 278.1279014138928, best pos: [1. 0. 0. 0. 0.]
2022-11-17 11:47:02,829 - pyswarms.single.global_best - INFO - Optimize for 1 iters with {'c1': 0.5, 'c2': 0.3, 'w': 0.3}
2022-11-17 11:47:03,517 - pyswarms.single.global_best - INFO - Optimization finished | best cost: 278.1279014138928, best pos: [1. 0. 0. 0. 0.]
2022-11-17 11:47:28,102 - pyswarms.single.global_best - INFO - Optimize for 1 iters with {'c1': 0.5, 'c2': 0.3, 'w': 0.3}
2022-11-17 11:47:28,772 - pyswarms.single.global_best - INFO - Optimization finished | best cost: 278.1279014138928, best pos: [1. 0. 0. 0. 0.]
2022-11-17 11:47:58,233 - pyswarms.single.global_best - INFO - Optimize for 1 iters with {'c1': 0.5, 'c2': 0.3, 'w': 0.3}
2022-11-17 11:50:23,431 - pyswarms.single.global_best - INFO - Optimize for 1 iters with {'c1': 0.5, 'c2': 0.3, 'w': 0.3}
2022-11-17 11:51:20,618 - pyswarms.single.global_best - INFO - Optimize for 1 iters with {'c1': 0.5, 'c2': 0.3, 'w': 0.3}
2022-11-17 11:51:21,311 - pyswarms.single.global_best - INFO - Optimization finished | best cost: 255.41271668386628, best pos: [1. 0. 0. 0. 0.]
2022-11-17 11:54:06,364 - pyswarms.single.global_best - INFO - Optimize for 1 iters with {'c1': 0.5, 'c2': 0.3, 'w': 0.3}
2022-11-17 11:54:07,081 - pyswarms.single.global_best - INFO - Optimization finished | best cost: 255.41271668386628, best pos: [1. 0. 0. 0. 0.]
2022-11-17 11:54:39,214 - pyswarms.single.global_best - INFO - Optimize for 1 iters with {'c1': 0.5, 'c2': 0.3, 'w': 0.3}
2022-11-17 11:54:39,983 - pyswarms.single.global_best - INFO - Optimization finished | best cost: 252.01486422323416, best pos: [0.23413089 0.         0.         0.         0.        ]
2022-11-17 11:55:12,117 - pyswarms.single.global_best - INFO - Optimize for 1 iters with {'c1': 0.5, 'c2': 0.3, 'w': 0.3}
2022-11-17 12:13:16,530 - pyswarms.single.global_best - INFO - Optimize for 1 iters with {'c1': 0.5, 'c2': 0.3, 'w': 0.3}
2022-11-17 12:13:17,303 - pyswarms.single.global_best - INFO - Optimization finished | best cost: 219.3275325781015, best pos: [1.95955322 0.         0.         0.         0.        ]
2022-11-17 12:13:49,270 - pyswarms.single.global_best - INFO - Optimize for 1 iters with {'c1': 0.5, 'c2': 0.3, 'w': 0.3}
2022-11-17 12:13:49,991 - pyswarms.single.global_best - INFO - Optimization finished | best cost: 250.89792132896213, best pos: [1.04253253 0.         0.         0.         0.        ]
2022-11-17 12:14:12,780 - pyswarms.single.global_best - INFO - Optimize for 10 iters with {'c1': 0.5, 'c2': 0.3, 'w': 0.3}
2022-11-17 12:14:32,715 - pyswarms.single.global_best - INFO - Optimize for 1 iters with {'c1': 0.5, 'c2': 0.3, 'w': 0.3}
2022-11-17 12:14:33,513 - pyswarms.single.global_best - INFO - Optimization finished | best cost: 248.9432958772893, best pos: [1.05943827 0.         0.         0.         0.        ]
2022-11-17 12:15:04,286 - pyswarms.single.global_best - INFO - Optimize for 1 iters with {'c1': 0.5, 'c2': 0.3, 'w': 0.3}
2022-11-17 12:15:04,976 - pyswarms.single.global_best - INFO - Optimization finished | best cost: 250.48938267476285, best pos: [ 1.04364115 17.40053945 -7.48249123  2.06031925 -6.67726823]
2022-11-17 12:15:30,003 - pyswarms.single.global_best - INFO - Optimize for 10 iters with {'c1': 0.5, 'c2': 0.3, 'w': 0.3}
2022-11-17 12:15:37,227 - pyswarms.single.global_best - INFO - Optimization finished | best cost: 247.9766183901658, best pos: [ 1.06275452  6.14755671 -5.93832544 -7.66023285  9.71019191]
2022-11-17 12:15:57,610 - pyswarms.single.global_best - INFO - Optimize for 10 iters with {'c1': 0.5, 'c2': 0.3, 'w': 0.3}
2022-11-17 12:16:05,559 - pyswarms.single.global_best - INFO - Optimization finished | best cost: 142.4213324332858, best pos: [  0.16648955  11.26013784  10.29600986 -12.64636242  -0.10362679]
2022-11-17 12:19:23,971 - pyswarms.single.global_best - INFO - Optimize for 10 iters with {'c1': 0.5, 'c2': 0.3, 'w': 0.3}
2022-11-17 12:19:31,011 - pyswarms.single.global_best - INFO - Optimization finished | best cost: 224.6998336499858, best pos: [ 1.70175834  9.61717746 -4.30648446  1.67783744  5.06296954]
2022-11-20 13:51:40,581 - pyswarms.single.global_best - INFO - Optimize for 10 iters with {'c1': 0.5, 'c2': 0.3, 'w': 0.3}
2022-11-20 13:51:45,136 - pyswarms.single.global_best - INFO - Optimization finished | best cost: 114.28136404884336, best pos: [ 1.82490061 10.55921747  1.19196363 -1.74205832  3.13906281]
2022-11-20 13:53:09,638 - pyswarms.single.global_best - INFO - Optimize for 10 iters with {'c1': 0.5, 'c2': 0.3, 'w': 0.3}
2022-11-20 13:53:14,120 - pyswarms.single.global_best - INFO - Optimization finished | best cost: 111.78256651815092, best pos: [  1.89570531  -5.82085572  13.14786998   1.13681486 -16.94321192]
2022-11-20 13:53:50,351 - pyswarms.single.global_best - INFO - Optimize for 10 iters with {'c1': 0.5, 'c2': 0.3, 'w': 0.3}
2022-11-20 13:53:54,747 - pyswarms.single.global_best - INFO - Optimization finished | best cost: 113.79423150315759, best pos: [  1.82971167  -0.11025627  -1.68772728 -12.82524668  11.05951822]
2022-11-20 13:57:59,277 - pyswarms.single.global_best - INFO - Optimize for 10 iters with {'c1': 0.5, 'c2': 0.3, 'w': 0.3}
2022-11-20 14:15:50,300 - pyswarms.single.global_best - INFO - Optimize for 10 iters with {'c1': 0.5, 'c2': 0.3, 'w': 0.3}
2022-11-20 14:15:55,072 - pyswarms.single.global_best - INFO - Optimization finished | best cost: 116.43954317675804, best pos: [  1.78262046  -5.41124739  -3.85418975 -10.95270477   2.1234823 ]
2022-11-20 14:16:28,104 - pyswarms.single.global_best - INFO - Optimize for 10 iters with {'c1': 0.5, 'c2': 0.3, 'w': 0.3}
2022-11-20 14:18:17,184 - pyswarms.single.global_best - INFO - Optimize for 10 iters with {'c1': 0.5, 'c2': 0.3, 'w': 0.3}
2022-11-20 14:18:21,836 - pyswarms.single.global_best - INFO - Optimization finished | best cost: 111.13105812113523, best pos: [  1.90229243  -2.43132584  -7.72038651 -14.4588457  -13.91585204]
2022-11-20 14:18:54,698 - pyswarms.single.global_best - INFO - Optimize for 10 iters with {'c1': 0.5, 'c2': 0.3, 'w': 0.3}
2022-11-20 14:18:59,192 - pyswarms.single.global_best - INFO - Optimization finished | best cost: 113.79854488351879, best pos: [  1.82963383  -6.77313578 -14.38545338  12.6455184  -16.07617924]
2022-11-20 17:42:03,263 - pyswarms.single.global_best - INFO - Optimize for 10 iters with {'c1': 0.5, 'c2': 0.3, 'w': 0.3}
2022-11-20 17:42:08,115 - pyswarms.single.global_best - INFO - Optimization finished | best cost: 111.54098518549497, best pos: [ 1.87448009 11.32359908 -8.17584946  3.51386387 -5.11451895]
2022-11-20 17:42:58,098 - pyswarms.single.global_best - INFO - Optimize for 10 iters with {'c1': 0.5, 'c2': 0.3, 'w': 0.3}
2022-11-20 17:43:02,578 - pyswarms.single.global_best - INFO - Optimization finished | best cost: 109.08056241154509, best pos: [  0.32131152  -6.93881036 -12.58477216 -11.4708251   18.22671971]
2022-11-20 17:43:36,097 - pyswarms.single.global_best - INFO - Optimize for 50 iters with {'c1': 0.5, 'c2': 0.3, 'w': 0.3}
2022-11-20 17:46:06,655 - pyswarms.single.global_best - INFO - Optimization finished | best cost: 111.53889364278635, best pos: [ 1.8981874   6.65740527 -0.42858465 -4.92945313  1.09214767]
2022-11-20 18:01:24,424 - pyswarms.single.global_best - INFO - Optimize for 50 iters with {'c1': 0.5, 'c2': 0.3, 'w': 0.3}
2022-11-20 18:04:02,430 - pyswarms.single.global_best - INFO - Optimization finished | best cost: 95.169672648008, best pos: [  0.29083437  -3.81281377 -13.53247194 -14.01415843 -13.48380692]
2022-11-22 16:06:43,838 - pyswarms.single.global_best - INFO - Optimize for 2 iters with {'c1': 0.5, 'c2': 0.3, 'w': 0.3}
2022-11-22 16:06:44,448 - pyswarms.single.global_best - INFO - Optimization finished | best cost: 110.94818559049102, best pos: [  1.90409497   3.96252508 -13.46547067  16.22112838  -6.642739  ]
2022-11-22 16:17:45,553 - pyswarms.single.global_best - INFO - Optimize for 2 iters with {'c1': 0.5, 'c2': 0.3, 'w': 0.3}
2022-11-22 16:17:46,135 - pyswarms.single.global_best - INFO - Optimization finished | best cost: 145.27260413876047, best pos: [  0.60191022 -13.55328184  -8.49127478   5.52700928  -8.08988112]
2022-11-22 16:20:11,240 - pyswarms.single.global_best - INFO - Optimize for 2 iters with {'c1': 0.5, 'c2': 0.3, 'w': 0.3}
2022-11-22 16:22:43,990 - pyswarms.single.global_best - INFO - Optimize for 2 iters with {'c1': 0.5, 'c2': 0.3, 'w': 0.3}
2022-11-22 16:23:21,909 - pyswarms.single.global_best - INFO - Optimize for 2 iters with {'c1': 0.5, 'c2': 0.3, 'w': 0.3}
2022-11-22 16:24:35,245 - pyswarms.single.global_best - INFO - Optimize for 2 iters with {'c1': 0.5, 'c2': 0.3, 'w': 0.3}
2022-11-22 16:25:24,715 - pyswarms.single.global_best - INFO - Optimize for 2 iters with {'c1': 0.5, 'c2': 0.3, 'w': 0.3}
2022-11-22 16:27:05,539 - pyswarms.single.global_best - INFO - Optimization finished | best cost: 151.02754446106258, best pos: [  1.2922422    9.78302897 -17.70119561 -10.49120744  -7.86094339]
2022-11-22 16:30:44,772 - pyswarms.single.global_best - INFO - Optimize for 2 iters with {'c1': 0.5, 'c2': 0.3, 'w': 0.3}
2022-11-22 16:32:03,478 - pyswarms.single.global_best - INFO - Optimize for 2 iters with {'c1': 0.5, 'c2': 0.3, 'w': 0.3}
2022-11-22 16:32:04,312 - pyswarms.single.global_best - INFO - Optimization finished | best cost: 112.77065286764105, best pos: [  1.86232601   1.81329229 -17.57457587   2.324704   -19.28687268]
2022-11-22 16:33:14,721 - pyswarms.single.global_best - INFO - Optimize for 2 iters with {'c1': 0.5, 'c2': 0.3, 'w': 0.3}
2022-11-22 16:33:15,461 - pyswarms.single.global_best - INFO - Optimization finished | best cost: 139.2998492520136, best pos: [  0.41339428 -11.80817732   6.68059353  -2.95664492  18.0203388 ]
2022-11-22 16:33:55,994 - pyswarms.single.global_best - INFO - Optimize for 2 iters with {'c1': 0.5, 'c2': 0.3, 'w': 0.3}
2022-11-22 16:33:56,742 - pyswarms.single.global_best - INFO - Optimization finished | best cost: 147.0171805367551, best pos: [  1.5438178  -11.5095603   -2.5975935   -2.77092517  19.29364151]
2022-11-22 16:35:05,260 - pyswarms.single.global_best - INFO - Optimize for 2 iters with {'c1': 0.5, 'c2': 0.3, 'w': 0.3}
2022-11-22 16:35:29,994 - pyswarms.single.global_best - INFO - Optimize for 2 iters with {'c1': 0.5, 'c2': 0.3, 'w': 0.3}
2022-11-22 16:35:30,728 - pyswarms.single.global_best - INFO - Optimization finished | best cost: 163.35212307923575, best pos: [  1.17009517 -14.37066124 -17.58390933 -16.80371816  -5.09191834]
2022-11-22 18:53:53,348 - pyswarms.single.global_best - INFO - Optimize for 2 iters with {'c1': 0.5, 'c2': 0.3, 'w': 0.3}
2022-11-22 18:54:52,242 - pyswarms.single.global_best - INFO - Optimize for 2 iters with {'c1': 0.5, 'c2': 0.3, 'w': 0.3}
2022-11-22 18:57:05,783 - pyswarms.single.global_best - INFO - Optimize for 2 iters with {'c1': 0.5, 'c2': 0.3, 'w': 0.3}
2022-11-22 18:57:10,766 - pyswarms.single.global_best - INFO - Optimize for 2 iters with {'c1': 0.5, 'c2': 0.3, 'w': 0.3}
2022-11-22 19:42:49,687 - pyswarms.single.global_best - INFO - Optimize for 2 iters with {'c1': 0.5, 'c2': 0.3, 'w': 0.3}
2022-11-22 19:43:19,407 - pyswarms.single.global_best - INFO - Optimize for 2 iters with {'c1': 0.5, 'c2': 0.3, 'w': 0.3}
2022-11-22 19:44:16,076 - pyswarms.single.global_best - INFO - Optimize for 2 iters with {'c1': 0.5, 'c2': 0.3, 'w': 0.3}
2022-12-20 20:23:17,498 - pyswarms.single.global_best - INFO - Optimize for 2 iters with {'c1': 0.5, 'c2': 0.3, 'w': 0.3}
2023-01-08 10:13:27,904 - pyswarms.single.global_best - INFO - Optimize for 2 iters with {'c1': 0.5, 'c2': 0.3, 'w': 0.3}
2023-01-08 10:15:06,980 - pyswarms.single.global_best - INFO - Optimize for 2 iters with {'c1': 0.5, 'c2': 0.3, 'w': 0.3}
2023-01-08 10:17:34,580 - pyswarms.single.global_best - INFO - Optimize for 2 iters with {'c1': 0.5, 'c2': 0.3, 'w': 0.3}
2023-01-08 10:19:45,512 - pyswarms.single.global_best - INFO - Optimize for 2 iters with {'c1': 0.5, 'c2': 0.3, 'w': 0.3}
2023-01-08 10:20:02,543 - pyswarms.single.global_best - INFO - Optimize for 2 iters with {'c1': 0.5, 'c2': 0.3, 'w': 0.3}
2023-01-08 10:21:02,980 - pyswarms.single.global_best - INFO - Optimize for 2 iters with {'c1': 0.5, 'c2': 0.3, 'w': 0.3}
2023-01-15 11:09:45,099 - pyswarms.single.global_best - INFO - Optimize for 2 iters with {'c1': 0.5, 'c2': 0.3, 'w': 0.3}
2023-01-15 11:10:20,598 - pyswarms.single.global_best - INFO - Optimize for 2 iters with {'c1': 0.5, 'c2': 0.3, 'w': 0.3}
